Using pre-set license
Built from '2020.3/staging' branch; Version is '2020.3.17f1 (a4537701e4ab) revision 10769271'; Using compiler version '192528614'; Build Type 'Release'
OS: 'Windows 10 Pro; OS build 19042.1415; Version 2009; 64bit' Language: 'es' Physical Memory: 8071 MB
BatchMode: 1, IsHumanControllingUs: 0, StartBugReporterOnCrash: 0, Is64bit: 1, IsPro: 0

COMMAND LINE ARGUMENTS:
C:\Program Files\Unity\Hub\Editor\2020.3.17f1\Editor\Unity.exe
-adb2
-batchMode
-noUpm
-name
AssetImportWorker0
-projectPath
C:/Users/jaime/Google Drive/Universidad/4º Año/Animacion/TrabajoUnityJaimeGomez/Final
-logFile
Logs/AssetImportWorker0.log
-srvPort
64801
Successfully changed project path to: C:/Users/jaime/Google Drive/Universidad/4º Año/Animacion/TrabajoUnityJaimeGomez/Final
C:/Users/jaime/Google Drive/Universidad/4º Año/Animacion/TrabajoUnityJaimeGomez/Final
Using Asset Import Pipeline V2.
Refreshing native plugins compatible for Editor in 150.03 ms, found 3 plugins.
Preloading 0 native plugins for Editor in 0.00 ms.
Initialize engine version: 2020.3.17f1 (a4537701e4ab)
[Subsystems] Discovering subsystems at path C:/Program Files/Unity/Hub/Editor/2020.3.17f1/Editor/Data/Resources/UnitySubsystems
[Subsystems] Discovering subsystems at path C:/Users/jaime/Google Drive/Universidad/4º Año/Animacion/TrabajoUnityJaimeGomez/Final/Assets
GfxDevice: creating device client; threaded=0
Direct3D:
    Version:  Direct3D 11.0 [level 11.1]
    Renderer: NVIDIA GeForce GTX 1050 (ID=0x1c8d)
    Vendor:   
    VRAM:     1977 MB
    Driver:   30.0.14.9613
Initialize mono
Mono path[0] = 'C:/Program Files/Unity/Hub/Editor/2020.3.17f1/Editor/Data/Managed'
Mono path[1] = 'C:/Program Files/Unity/Hub/Editor/2020.3.17f1/Editor/Data/MonoBleedingEdge/lib/mono/unityjit'
Mono config path = 'C:/Program Files/Unity/Hub/Editor/2020.3.17f1/Editor/Data/MonoBleedingEdge/etc'
Using monoOptions --debugger-agent=transport=dt_socket,embedding=1,server=y,suspend=n,address=127.0.0.1:56484
Begin MonoManager ReloadAssembly
Registering precompiled unity dll's ...
Register platform support module: C:/Program Files/Unity/Hub/Editor/2020.3.17f1/Editor/Data/PlaybackEngines/WebGLSupport/UnityEditor.WebGL.Extensions.dll
Register platform support module: C:/Program Files/Unity/Hub/Editor/2020.3.17f1/Editor/Data/PlaybackEngines/WindowsStandaloneSupport/UnityEditor.WindowsStandalone.Extensions.dll
Registered in 0.006130 seconds.
Native extension for WindowsStandalone target not found
Native extension for WebGL target not found
Refreshing native plugins compatible for Editor in 319.33 ms, found 3 plugins.
Preloading 0 native plugins for Editor in 0.00 ms.
Mono: successfully reloaded assembly
- Completed reload, in  6.519 seconds
Domain Reload Profiling:
	ReloadAssembly (6520ms)
		BeginReloadAssembly (409ms)
			ExecutionOrderSort (0ms)
			DisableScriptedObjects (0ms)
			BackupInstance (0ms)
			ReleaseScriptingObjects (0ms)
			CreateAndSetChildDomain (5ms)
		EndReloadAssembly (2305ms)
			LoadAssemblies (389ms)
			RebuildTransferFunctionScriptingTraits (1ms)
			SetupTypeCache (703ms)
			ReleaseScriptCaches (0ms)
			RebuildScriptCaches (188ms)
			SetupLoadedEditorAssemblies (1034ms)
				LogAssemblyErrors (0ms)
				InitializePlatformSupportModulesInManaged (29ms)
				SetLoadedEditorAssemblies (1ms)
				RefreshPlugins (320ms)
				BeforeProcessingInitializeOnLoad (92ms)
				ProcessInitializeOnLoadAttributes (441ms)
				ProcessInitializeOnLoadMethodAttributes (150ms)
				AfterProcessingInitializeOnLoad (0ms)
				EditorAssembliesLoaded (1ms)
			ExecutionOrderSort2 (0ms)
			AwakeInstancesAfterBackupRestoration (0ms)
Platform modules already initialized, skipping
Registering precompiled user dll's ...
Registered in 0.022859 seconds.
Begin MonoManager ReloadAssembly
Native extension for WindowsStandalone target not found
Native extension for WebGL target not found
Refreshing native plugins compatible for Editor in 228.84 ms, found 3 plugins.
Preloading 0 native plugins for Editor in 0.00 ms.
Mono: successfully reloaded assembly
- Completed reload, in  6.071 seconds
Domain Reload Profiling:
	ReloadAssembly (6074ms)
		BeginReloadAssembly (792ms)
			ExecutionOrderSort (0ms)
			DisableScriptedObjects (31ms)
			BackupInstance (0ms)
			ReleaseScriptingObjects (0ms)
			CreateAndSetChildDomain (86ms)
		EndReloadAssembly (5049ms)
			LoadAssemblies (435ms)
			RebuildTransferFunctionScriptingTraits (0ms)
			SetupTypeCache (1706ms)
			ReleaseScriptCaches (3ms)
			RebuildScriptCaches (253ms)
			SetupLoadedEditorAssemblies (2046ms)
				LogAssemblyErrors (0ms)
				InitializePlatformSupportModulesInManaged (25ms)
				SetLoadedEditorAssemblies (1ms)
				RefreshPlugins (229ms)
				BeforeProcessingInitializeOnLoad (403ms)
				ProcessInitializeOnLoadAttributes (1314ms)
				ProcessInitializeOnLoadMethodAttributes (57ms)
				AfterProcessingInitializeOnLoad (17ms)
				EditorAssembliesLoaded (0ms)
			ExecutionOrderSort2 (0ms)
			AwakeInstancesAfterBackupRestoration (16ms)
Platform modules already initialized, skipping
========================================================================
Worker process is ready to serve import requests
Launched and connected shader compiler UnityShaderCompiler.exe after 0.34 seconds
Refreshing native plugins compatible for Editor in 1.10 ms, found 3 plugins.
Preloading 0 native plugins for Editor in 0.00 ms.
Unloading 2232 Unused Serialized files (Serialized files now loaded: 0)
System memory in use before: 106.3 MB.
System memory in use after: 106.1 MB.

Unloading 30 unused Assets to reduce memory usage. Loaded Objects now: 2675.
Total: 5.879200 ms (FindLiveObjects: 0.334000 ms CreateObjectMapping: 0.162100 ms MarkObjects: 4.868300 ms  DeleteObjects: 0.512300 ms)

AssetImportParameters requested are different than current active one (requested -> active):
  custom:framework-win-MediaFoundation: 216162199b28c13a410421893ffa2e32 -> 
  custom:video-decoder-ogg-theora: a1e56fd34408186e4bbccfd4996cb3dc -> 
  custom:container-muxer-webm: aa71ff27fc2769a1b78a27578f13a17b -> 
  custom:container-demuxer-webm: 4f35f7cbe854078d1ac9338744f61a02 -> 
  custom:container-demuxer-ogg: 62fdf1f143b41e24485cea50d1cbac27 -> 
  custom:video-encoder-webm-vp8: eb34c28f22e8b96e1ab97ce403110664 -> 
  custom:video-decoder-webm-vp8: 9c59270c3fd7afecdb556c50c9e8de78 -> 
  custom:audio-decoder-ogg-vorbis: bf7c407c2cedff20999df2af8eb42d56 -> 
  custom:audio-encoder-webm-vorbis: bf7c407c2cedff20999df2af8eb42d56 -> 
========================================================================
Received Import Request.
  path: Assets/Animacion digital/Animations/jugador/jump.anim
  artifactKey: Guid(c923e6f21a2964c4d8b4a9137b19e8d3) Importer(815301076,1909f56bfc062723c751e8b465ee728b)
Start importing Assets/Animacion digital/Animations/jugador/jump.anim using Guid(c923e6f21a2964c4d8b4a9137b19e8d3) Importer(815301076,1909f56bfc062723c751e8b465ee728b)  -> (artifact id: '37dbfaf6b3897cd9e65cbbcf3da3eef7') in 0.273131 seconds 
  Import took 0.287992 seconds .

========================================================================
Received Import Request.
  Time since last request: 0.001053 seconds.
  path: Assets/Animacion digital/Animations/jugador/hurt.anim
  artifactKey: Guid(8dc4827c902182241bc853388771ff13) Importer(815301076,1909f56bfc062723c751e8b465ee728b)
Start importing Assets/Animacion digital/Animations/jugador/hurt.anim using Guid(8dc4827c902182241bc853388771ff13) Importer(815301076,1909f56bfc062723c751e8b465ee728b)  -> (artifact id: 'b35ffc446ce156f041a6867f9e0e0f35') in 0.037448 seconds 
  Import took 0.058068 seconds .

========================================================================
Received Import Request.
  Time since last request: 0.000963 seconds.
  path: Assets/Animacion digital/Animations/jugador/Jugador.controller
  artifactKey: Guid(805ab38251dee6349b6c20144946d18d) Importer(815301076,1909f56bfc062723c751e8b465ee728b)
Start importing Assets/Animacion digital/Animations/jugador/Jugador.controller using Guid(805ab38251dee6349b6c20144946d18d) Importer(815301076,1909f56bfc062723c751e8b465ee728b)  -> (artifact id: '0b9189ba9aad34f29c16858a05721af5') in 0.084633 seconds 
  Import took 0.108512 seconds .

========================================================================
Received Import Request.
  Time since last request: 0.001037 seconds.
  path: Assets/Animacion digital/Animations/jugador/idle.anim
  artifactKey: Guid(b6dda0b739c505e4b82bb81a1d2efb99) Importer(815301076,1909f56bfc062723c751e8b465ee728b)
Start importing Assets/Animacion digital/Animations/jugador/idle.anim using Guid(b6dda0b739c505e4b82bb81a1d2efb99) Importer(815301076,1909f56bfc062723c751e8b465ee728b)  -> (artifact id: '067709a6b446fc38fefaf8033a8b537f') in 0.036463 seconds 
  Import took 0.055789 seconds .

========================================================================
Received Import Request.
  Time since last request: 29.196760 seconds.
  path: Assets/Animacion digital/Animations/jugador/New Animation.anim
  artifactKey: Guid(05cd480e14739244cae83e0c57143b64) Importer(815301076,1909f56bfc062723c751e8b465ee728b)
Start importing Assets/Animacion digital/Animations/jugador/New Animation.anim using Guid(05cd480e14739244cae83e0c57143b64) Importer(815301076,1909f56bfc062723c751e8b465ee728b)  -> (artifact id: '1652f2547f45968234b97b91bfaca280') in 0.051506 seconds 
  Import took 0.076656 seconds .

========================================================================
Received Import Request.
  Time since last request: 1104.377618 seconds.
  path: Assets/Animacion digital/Scripts/Items/ItemGlobal.cs
  artifactKey: Guid(ec596cd9717c4e24e89c96d291d0979e) Importer(815301076,1909f56bfc062723c751e8b465ee728b)
Start importing Assets/Animacion digital/Scripts/Items/ItemGlobal.cs using Guid(ec596cd9717c4e24e89c96d291d0979e) Importer(815301076,1909f56bfc062723c751e8b465ee728b)  -> (artifact id: '731d3e76e2beb969d9df73e30aa0651c') in 0.042500 seconds 
  Import took 0.053249 seconds .

========================================================================
Received Import Request.
  Time since last request: 0.002386 seconds.
  path: Assets/Animacion digital/Scripts/Items/ItemGlobal.cs
  artifactKey: Guid(ec596cd9717c4e24e89c96d291d0979e) Importer(815301076,1909f56bfc062723c751e8b465ee728b)
Start importing Assets/Animacion digital/Scripts/Items/ItemGlobal.cs using Guid(ec596cd9717c4e24e89c96d291d0979e) Importer(815301076,1909f56bfc062723c751e8b465ee728b)  -> (artifact id: '731d3e76e2beb969d9df73e30aa0651c') in 0.008981 seconds 
  Import took 0.017454 seconds .

========================================================================
Received Import Request.
  Time since last request: 2.502683 seconds.
  path: Assets/Animacion digital/Scripts/Items/itemRecogido.cs
  artifactKey: Guid(8e793dd033684a14f8d5348e61b9a60d) Importer(815301076,1909f56bfc062723c751e8b465ee728b)
Start importing Assets/Animacion digital/Scripts/Items/itemRecogido.cs using Guid(8e793dd033684a14f8d5348e61b9a60d) Importer(815301076,1909f56bfc062723c751e8b465ee728b)  -> (artifact id: '7ddeb8a3d182ed9813cb5aa69a9d6d19') in 0.059808 seconds 
  Import took 0.081846 seconds .

AssetImportWorkerClient::OnTransportError - code=2 error=End of file
